TN:
SF:nrt_math_utils\common.py
DA:1,1,i/dWNiTCYVRC2Umq347bWw
DA:3,1,oVDUguq1gDX1soyrJbOu6A
LF:2
LH:2
BRF:0
BRH:0
end_of_record
TN:
SF:nrt_math_utils\math_utils.py
DA:1,1,jEc91tz0B1b2beSYnS+UDQ
DA:3,1,W3F4XFDHDATEp2gx3mYg9w
DA:4,1,GemXvcwzY0B3wn5TYc8skA
DA:6,1,Fqebj8ZxeAEMpM1BCpyYpg
DA:7,1,i/dWNiTCYVRC2Umq347bWw
DA:10,1,rewp/VaU/v34F5fF466cXw
DA:12,1,Nnqu9X+lU2lagW39QNhFWA
DA:13,1,w1fc6LKNR3odSKrYeHGvPA
DA:14,1,k4xcqjDrhzlqYXhwi3zfXw
DA:16,1,HXi4sAWidzZIlyKKYSh0vA
DA:17,1,pnKZtbntTH1Xr7DZOGVRbQ
DA:19,1,97N4ALYb6B1GEL8oZgpMGA
DA:21,1,CNzhPNrhw9p4iacAcnFBxQ
DA:22,1,HVyrBJ61ni9ux6MdUIeaUA
DA:26,1,YbQktYktvphJKAZ2f6IOww
DA:28,1,nV57/ZEPR/3AvFMsXmUAIw
DA:29,1,8G2MWNUYhFqDYslKM+PI3g
DA:31,1,pQyHoTrSYqb6qQfyKYayvQ
DA:33,1,Nnqu9X+lU2lagW39QNhFWA
DA:34,1,oZ6AMzB5EU1JKPZvOMuolw
DA:35,1,PTg5Wm7xcj3X8O3VPu8Ssw
DA:36,1,MuTLMxgudyPzSuUZ8UYgVQ
DA:38,1,KxgaGtJPkScc4OG7mJ59vg
DA:39,1,wuWe77Ru10l82vmudYGCFQ
DA:40,1,AQewSK2hbXKbf5JaQFBJxw
DA:45,1,Nnqu9X+lU2lagW39QNhFWA
DA:46,1,Rh1sxq8baMpeDEoc6GreOA
DA:47,1,/qD82Q+OBN1GHlOlqARKqA
DA:52,1,rICj0Bj5bCFk8uGayXv3MA
DA:54,1,Nnqu9X+lU2lagW39QNhFWA
DA:55,1,pZOhYhMRNvw+zzhPVrDQbg
DA:56,1,/qD82Q+OBN1GHlOlqARKqA
DA:61,1,VrXmLnZywBzgM6+hQkg63A
DA:63,1,Nnqu9X+lU2lagW39QNhFWA
DA:64,1,y+qWBHSOrvDuWCaixBRkmQ
DA:65,1,iZ+jp3C0KNKRuaRs6dcmpA
DA:66,1,HVyrBJ61ni9ux6MdUIeaUA
LF:37
LH:37
BRDA:12,0,0,1
BRDA:33,0,1,1
BRDA:17,1,0,1
BRDA:19,1,1,1
BRDA:22,2,0,1
BRDA:26,2,1,1
BRDA:29,3,0,1
BRDA:31,3,1,1
BRDA:33,4,0,1
BRDA:38,4,1,1
BRDA:38,5,0,1
BRDA:45,5,1,1
BRDA:0,6,0,1
BRDA:0,6,1,1
BRDA:40,6,2,1
BRDA:45,7,0,1
BRDA:54,7,1,1
BRDA:0,8,0,1
BRDA:47,8,1,1
BRDA:52,8,2,1
BRDA:54,9,0,1
BRDA:63,9,1,1
BRDA:0,10,0,1
BRDA:56,10,1,1
BRDA:61,10,2,1
BRDA:0,11,0,1
BRDA:63,11,1,1
BRDA:0,12,0,1
BRDA:66,12,1,1
BRF:26
BRH:26
end_of_record
TN:
SF:nrt_math_utils\nrt_numbers.py
DA:1,1,jEc91tz0B1b2beSYnS+UDQ
DA:3,1,z0M55drSbFe78y+pxCfU9g
DA:5,1,Fqebj8ZxeAEMpM1BCpyYpg
DA:8,1,nPPpiMCub17Bh9z/Duwg3Q
DA:9,1,+GFFjtJ4KzdNE2sctgCgpw
DA:11,1,cYzcs4O4v8ykNxLz6pSjKQ
DA:13,1,6Z9pZuicnuQBSUfVfFJu0g
DA:14,1,cyqqW2RP1X2vUuXWgrogsw
DA:17,1,ScdsifM1UX9wvWfDxDI1kg
DA:19,1,4ayzvYTozzJdm+P+VdRGXQ
DA:20,1,XfytqTybHn9u2IXRnFnFXQ
DA:21,1,mn/859F/hGn/KGTzgbWVAQ
DA:23,1,Saa8aVxrfp0r3iQrwxiD1A
DA:25,1,45w/ggxh0atrUsXOTpup+w
DA:27,1,RVCUAWhwoZNMkp/lA7XLDQ
DA:28,1,wB6uQCyOBN+vSPYd9V7g7g
DA:30,1,HmADa1g/W1C2Vo9Wm4sNNA
DA:31,1,bEMuI/4ziKzzdnZKbgRjTA
DA:32,1,D5PGlAVNd6wUvXizdSvXlg
DA:34,1,KreFH4WG1InwCd8bHca6kA
DA:35,1,nyvjRJa+lOgi0Ygz+jIjUg
DA:37,1,bZtIw7CkPhnHghKwTHgwCA
DA:38,1,wWZKFRSq0qrt0X1R/MND7w
DA:40,1,+RuzgsASJ0KEWoDURE05Bw
DA:41,1,7TtGtUYXfsP0QWDmO6fxlw
DA:43,1,GDjeyqBVivD0fgBPbARFQw
DA:44,1,iwc6LwtkxHRLRYut6IiJzA
DA:46,1,Z3ESC/F5dS1Akf3mQ46lwg
DA:47,1,sY8FKOTgHhU9I2GO7mqlkg
DA:49,1,QxTsbMGPtj3oaS2U4Qka0w
DA:50,1,XZVcIJfTLtuPurL2mva0fg
DA:52,1,wB25ss5HzAYdTEN7kSerIw
DA:53,1,cLsPzxWIUhtEicbfvzlbiQ
DA:55,1,JJDC4InGFJnYcqonDVfk3g
DA:56,1,TJhzVQUueBDKe/3goL2FoQ
DA:58,1,KTrhZiQm5h1HxpiC3d+KDA
DA:59,1,gIAHsMvRWSu0x0+OCRandw
DA:61,1,aLO4mh4jdTRyoLeCa5v96A
DA:62,1,KO+hiuAJjdKxNhpIp7pKyA
DA:64,1,GJPDQGaguJwOJmbL3MX44w
DA:65,1,M8rZlCJz51lptxMzjOTdzg
DA:67,1,LsZ+fAoV8jIOXTo0X1AJZA
DA:68,1,eg+ZO1kBbXH9DcwifxOBQg
DA:70,1,ybU8ndz+5wZXTEetGG9BPw
DA:71,1,0vJaJJj9iwk4kSHG6Z27XQ
DA:73,1,riFUJU1lx1YTYVoziPEzHg
DA:74,1,WBr9TjPth1z5LyXJoPgKGg
DA:76,1,DJ/bKH7TOCzy3bqK0KHIgw
DA:77,1,1HD1NMpMJ4nPADsQrK5peQ
DA:78,1,x17PN9RNQoN2aFTuHIRcRA
DA:80,1,WoI7+kJrB/PBJWHtqIwevg
DA:82,1,GKQUHDUVnDttRxQr95lmiQ
DA:83,1,lJx6i6gPKe/Yvor4vvfD5w
DA:85,1,l1LJ0jVQ10FA6FM+BmovVA
DA:86,1,SR3O3PxRcyo/qr60GwE16w
DA:87,1,wzrwDQHXUdDjii2r7vyMjQ
DA:92,1,ZAjcURAj6EdRsgx+rKxNLA
DA:94,1,OiQZsE5PLDweANSSCJ3UxQ
DA:95,1,3PAemtUfW6B4TXtqOg2swA
DA:97,1,MeteIXV42WH95X+cIToheg
DA:98,1,SR3O3PxRcyo/qr60GwE16w
DA:99,1,wzrwDQHXUdDjii2r7vyMjQ
DA:104,1,xdd6qfAZzEaWYowB9QpAqQ
DA:106,1,YbdwtH1cXDOzCT13idi9gg
DA:107,1,Bnw4zrjhSbby3ZByD5DHWQ
DA:109,1,j+CcxAIEiLeqjzkbiEHnZA
DA:110,1,PH9s7z5ge+xWGPQRq4dYVA
DA:112,1,X4cUQsKOfYQay6od0WhuWQ
DA:113,1,CQWffxdBjo55A7c9JnLr7A
DA:114,1,0yCBI5auB78o/SDuSBOIUQ
DA:116,1,DkrUHX9VPggCk5+X7r54xg
DA:118,1,Miz/Gx1PSOnC8u6VoFDL5w
DA:119,1,DTqp3E49maGZQKb3RyO6MQ
DA:121,1,Nnqu9X+lU2lagW39QNhFWA
DA:122,1,9fhbQ9kLyrJ3aaWrLJDk+w
DA:123,1,2tBzrhj14vSAHmin05RyMw
DA:125,1,Nnqu9X+lU2lagW39QNhFWA
DA:126,1,jNhF+CvP5GcD3V2tCgib3A
DA:127,1,zN6tlphmWvJOZFjmNXBoYw
DA:129,1,djJAPcQ0Efk/A++blmfWDQ
DA:130,1,9ofJ7voBbvJuNf/KRmCiPw
DA:131,1,tOFNpgci5a614cge8OTqqA
DA:132,1,/uuP9ODTUvZ4t7zIRE+gGA
DA:133,1,ouBWkmCzSG05F8CDrIT07w
DA:135,1,46Z0mxJj0ZYyCW19kJQ0NQ
DA:137,1,RGM770oADryGLfvmpp5svQ
DA:140,1,QDun9OSo+NJ/VH+jEb0v9w
DA:141,1,ctVbRakIoeZsc0ZPRSnWCQ
LF:88
LH:88
BRDA:21,0,0,1
BRDA:23,0,1,1
BRDA:30,1,0,1
BRDA:34,1,1,1
BRDA:78,2,0,1
BRDA:80,2,1,1
BRDA:87,3,0,1
BRDA:92,3,1,1
BRDA:0,4,0,1
BRDA:0,4,1,1
BRDA:87,4,2,1
BRDA:99,5,0,1
BRDA:104,5,1,1
BRDA:0,6,0,1
BRDA:0,6,1,1
BRDA:99,6,2,1
BRDA:114,7,0,1
BRDA:116,7,1,1
BRDA:121,8,0,1
BRDA:125,8,1,1
BRDA:0,9,0,1
BRDA:125,9,1,1
BRDA:130,10,0,1
BRDA:137,10,1,1
BRDA:131,11,0,1
BRDA:132,11,1,1
BRDA:133,12,0,1
BRDA:135,12,1,1
BRF:26
BRH:26
end_of_record
